<?xml version="1.0" encoding="UTF-8"?>
<!-- Generated by org.testng.reporters.JUnitReportReporter -->
<testsuite skipped="0" hostname="HO-356" name="com.testCase.LoginTestCase" tests="1" failures="0" timestamp="30 Sep 2021 06:59:38 GMT" time="8.437" errors="0">
  <testcase name="login" time="8.437" classname="com.testCase.LoginTestCase"/>
</testsuite> <!-- com.testCase.LoginTestCase -->
